Version 4.0 HI-TECH Software Intermediate Code
"31 ./clcd.h
[; ;./clcd.h: 31: void clcd_print(const char *str, unsigned char addr);
[v _clcd_print `(v ~T0 @X0 0 ef2`*Cuc`uc ]
"54 C:/Program Files/Microchip/MPLABX/v6.15/packs/Microchip/PIC16Fxxx_DFP/1.4.149/xc8\pic\include\proc/pic16f877a.h
[; ;C:/Program Files/Microchip/MPLABX/v6.15/packs/Microchip/PIC16Fxxx_DFP/1.4.149/xc8\pic\include\proc/pic16f877a.h: 54: __asm("INDF equ 00h");
[; <" INDF equ 00h ;# ">
"61
[; ;C:/Program Files/Microchip/MPLABX/v6.15/packs/Microchip/PIC16Fxxx_DFP/1.4.149/xc8\pic\include\proc/pic16f877a.h: 61: __asm("TMR0 equ 01h");
[; <" TMR0 equ 01h ;# ">
"68
[; ;C:/Program Files/Microchip/MPLABX/v6.15/packs/Microchip/PIC16Fxxx_DFP/1.4.149/xc8\pic\include\proc/pic16f877a.h: 68: __asm("PCL equ 02h");
[; <" PCL equ 02h ;# ">
"75
[; ;C:/Program Files/Microchip/MPLABX/v6.15/packs/Microchip/PIC16Fxxx_DFP/1.4.149/xc8\pic\include\proc/pic16f877a.h: 75: __asm("STATUS equ 03h");
[; <" STATUS equ 03h ;# ">
"161
[; ;C:/Program Files/Microchip/MPLABX/v6.15/packs/Microchip/PIC16Fxxx_DFP/1.4.149/xc8\pic\include\proc/pic16f877a.h: 161: __asm("FSR equ 04h");
[; <" FSR equ 04h ;# ">
"168
[; ;C:/Program Files/Microchip/MPLABX/v6.15/packs/Microchip/PIC16Fxxx_DFP/1.4.149/xc8\pic\include\proc/pic16f877a.h: 168: __asm("PORTA equ 05h");
[; <" PORTA equ 05h ;# ">
"218
[; ;C:/Program Files/Microchip/MPLABX/v6.15/packs/Microchip/PIC16Fxxx_DFP/1.4.149/xc8\pic\include\proc/pic16f877a.h: 218: __asm("PORTB equ 06h");
[; <" PORTB equ 06h ;# ">
"280
[; ;C:/Program Files/Microchip/MPLABX/v6.15/packs/Microchip/PIC16Fxxx_DFP/1.4.149/xc8\pic\include\proc/pic16f877a.h: 280: __asm("PORTC equ 07h");
[; <" PORTC equ 07h ;# ">
"342
[; ;C:/Program Files/Microchip/MPLABX/v6.15/packs/Microchip/PIC16Fxxx_DFP/1.4.149/xc8\pic\include\proc/pic16f877a.h: 342: __asm("PORTD equ 08h");
[; <" PORTD equ 08h ;# ">
"404
[; ;C:/Program Files/Microchip/MPLABX/v6.15/packs/Microchip/PIC16Fxxx_DFP/1.4.149/xc8\pic\include\proc/pic16f877a.h: 404: __asm("PORTE equ 09h");
[; <" PORTE equ 09h ;# ">
"436
[; ;C:/Program Files/Microchip/MPLABX/v6.15/packs/Microchip/PIC16Fxxx_DFP/1.4.149/xc8\pic\include\proc/pic16f877a.h: 436: __asm("PCLATH equ 0Ah");
[; <" PCLATH equ 0Ah ;# ">
"456
[; ;C:/Program Files/Microchip/MPLABX/v6.15/packs/Microchip/PIC16Fxxx_DFP/1.4.149/xc8\pic\include\proc/pic16f877a.h: 456: __asm("INTCON equ 0Bh");
[; <" INTCON equ 0Bh ;# ">
"534
[; ;C:/Program Files/Microchip/MPLABX/v6.15/packs/Microchip/PIC16Fxxx_DFP/1.4.149/xc8\pic\include\proc/pic16f877a.h: 534: __asm("PIR1 equ 0Ch");
[; <" PIR1 equ 0Ch ;# ">
"596
[; ;C:/Program Files/Microchip/MPLABX/v6.15/packs/Microchip/PIC16Fxxx_DFP/1.4.149/xc8\pic\include\proc/pic16f877a.h: 596: __asm("PIR2 equ 0Dh");
[; <" PIR2 equ 0Dh ;# ">
"636
[; ;C:/Program Files/Microchip/MPLABX/v6.15/packs/Microchip/PIC16Fxxx_DFP/1.4.149/xc8\pic\include\proc/pic16f877a.h: 636: __asm("TMR1 equ 0Eh");
[; <" TMR1 equ 0Eh ;# ">
"643
[; ;C:/Program Files/Microchip/MPLABX/v6.15/packs/Microchip/PIC16Fxxx_DFP/1.4.149/xc8\pic\include\proc/pic16f877a.h: 643: __asm("TMR1L equ 0Eh");
[; <" TMR1L equ 0Eh ;# ">
"650
[; ;C:/Program Files/Microchip/MPLABX/v6.15/packs/Microchip/PIC16Fxxx_DFP/1.4.149/xc8\pic\include\proc/pic16f877a.h: 650: __asm("TMR1H equ 0Fh");
[; <" TMR1H equ 0Fh ;# ">
"657
[; ;C:/Program Files/Microchip/MPLABX/v6.15/packs/Microchip/PIC16Fxxx_DFP/1.4.149/xc8\pic\include\proc/pic16f877a.h: 657: __asm("T1CON equ 010h");
[; <" T1CON equ 010h ;# ">
"732
[; ;C:/Program Files/Microchip/MPLABX/v6.15/packs/Microchip/PIC16Fxxx_DFP/1.4.149/xc8\pic\include\proc/pic16f877a.h: 732: __asm("TMR2 equ 011h");
[; <" TMR2 equ 011h ;# ">
"739
[; ;C:/Program Files/Microchip/MPLABX/v6.15/packs/Microchip/PIC16Fxxx_DFP/1.4.149/xc8\pic\include\proc/pic16f877a.h: 739: __asm("T2CON equ 012h");
[; <" T2CON equ 012h ;# ">
"810
[; ;C:/Program Files/Microchip/MPLABX/v6.15/packs/Microchip/PIC16Fxxx_DFP/1.4.149/xc8\pic\include\proc/pic16f877a.h: 810: __asm("SSPBUF equ 013h");
[; <" SSPBUF equ 013h ;# ">
"817
[; ;C:/Program Files/Microchip/MPLABX/v6.15/packs/Microchip/PIC16Fxxx_DFP/1.4.149/xc8\pic\include\proc/pic16f877a.h: 817: __asm("SSPCON equ 014h");
[; <" SSPCON equ 014h ;# ">
"887
[; ;C:/Program Files/Microchip/MPLABX/v6.15/packs/Microchip/PIC16Fxxx_DFP/1.4.149/xc8\pic\include\proc/pic16f877a.h: 887: __asm("CCPR1 equ 015h");
[; <" CCPR1 equ 015h ;# ">
"894
[; ;C:/Program Files/Microchip/MPLABX/v6.15/packs/Microchip/PIC16Fxxx_DFP/1.4.149/xc8\pic\include\proc/pic16f877a.h: 894: __asm("CCPR1L equ 015h");
[; <" CCPR1L equ 015h ;# ">
"901
[; ;C:/Program Files/Microchip/MPLABX/v6.15/packs/Microchip/PIC16Fxxx_DFP/1.4.149/xc8\pic\include\proc/pic16f877a.h: 901: __asm("CCPR1H equ 016h");
[; <" CCPR1H equ 016h ;# ">
"908
[; ;C:/Program Files/Microchip/MPLABX/v6.15/packs/Microchip/PIC16Fxxx_DFP/1.4.149/xc8\pic\include\proc/pic16f877a.h: 908: __asm("CCP1CON equ 017h");
[; <" CCP1CON equ 017h ;# ">
"966
[; ;C:/Program Files/Microchip/MPLABX/v6.15/packs/Microchip/PIC16Fxxx_DFP/1.4.149/xc8\pic\include\proc/pic16f877a.h: 966: __asm("RCSTA equ 018h");
[; <" RCSTA equ 018h ;# ">
"1061
[; ;C:/Program Files/Microchip/MPLABX/v6.15/packs/Microchip/PIC16Fxxx_DFP/1.4.149/xc8\pic\include\proc/pic16f877a.h: 1061: __asm("TXREG equ 019h");
[; <" TXREG equ 019h ;# ">
"1068
[; ;C:/Program Files/Microchip/MPLABX/v6.15/packs/Microchip/PIC16Fxxx_DFP/1.4.149/xc8\pic\include\proc/pic16f877a.h: 1068: __asm("RCREG equ 01Ah");
[; <" RCREG equ 01Ah ;# ">
"1075
[; ;C:/Program Files/Microchip/MPLABX/v6.15/packs/Microchip/PIC16Fxxx_DFP/1.4.149/xc8\pic\include\proc/pic16f877a.h: 1075: __asm("CCPR2 equ 01Bh");
[; <" CCPR2 equ 01Bh ;# ">
"1082
[; ;C:/Program Files/Microchip/MPLABX/v6.15/packs/Microchip/PIC16Fxxx_DFP/1.4.149/xc8\pic\include\proc/pic16f877a.h: 1082: __asm("CCPR2L equ 01Bh");
[; <" CCPR2L equ 01Bh ;# ">
"1089
[; ;C:/Program Files/Microchip/MPLABX/v6.15/packs/Microchip/PIC16Fxxx_DFP/1.4.149/xc8\pic\include\proc/pic16f877a.h: 1089: __asm("CCPR2H equ 01Ch");
[; <" CCPR2H equ 01Ch ;# ">
"1096
[; ;C:/Program Files/Microchip/MPLABX/v6.15/packs/Microchip/PIC16Fxxx_DFP/1.4.149/xc8\pic\include\proc/pic16f877a.h: 1096: __asm("CCP2CON equ 01Dh");
[; <" CCP2CON equ 01Dh ;# ">
"1154
[; ;C:/Program Files/Microchip/MPLABX/v6.15/packs/Microchip/PIC16Fxxx_DFP/1.4.149/xc8\pic\include\proc/pic16f877a.h: 1154: __asm("ADRESH equ 01Eh");
[; <" ADRESH equ 01Eh ;# ">
"1161
[; ;C:/Program Files/Microchip/MPLABX/v6.15/packs/Microchip/PIC16Fxxx_DFP/1.4.149/xc8\pic\include\proc/pic16f877a.h: 1161: __asm("ADCON0 equ 01Fh");
[; <" ADCON0 equ 01Fh ;# ">
"1257
[; ;C:/Program Files/Microchip/MPLABX/v6.15/packs/Microchip/PIC16Fxxx_DFP/1.4.149/xc8\pic\include\proc/pic16f877a.h: 1257: __asm("OPTION_REG equ 081h");
[; <" OPTION_REG equ 081h ;# ">
"1327
[; ;C:/Program Files/Microchip/MPLABX/v6.15/packs/Microchip/PIC16Fxxx_DFP/1.4.149/xc8\pic\include\proc/pic16f877a.h: 1327: __asm("TRISA equ 085h");
[; <" TRISA equ 085h ;# ">
"1377
[; ;C:/Program Files/Microchip/MPLABX/v6.15/packs/Microchip/PIC16Fxxx_DFP/1.4.149/xc8\pic\include\proc/pic16f877a.h: 1377: __asm("TRISB equ 086h");
[; <" TRISB equ 086h ;# ">
"1439
[; ;C:/Program Files/Microchip/MPLABX/v6.15/packs/Microchip/PIC16Fxxx_DFP/1.4.149/xc8\pic\include\proc/pic16f877a.h: 1439: __asm("TRISC equ 087h");
[; <" TRISC equ 087h ;# ">
"1501
[; ;C:/Program Files/Microchip/MPLABX/v6.15/packs/Microchip/PIC16Fxxx_DFP/1.4.149/xc8\pic\include\proc/pic16f877a.h: 1501: __asm("TRISD equ 088h");
[; <" TRISD equ 088h ;# ">
"1563
[; ;C:/Program Files/Microchip/MPLABX/v6.15/packs/Microchip/PIC16Fxxx_DFP/1.4.149/xc8\pic\include\proc/pic16f877a.h: 1563: __asm("TRISE equ 089h");
[; <" TRISE equ 089h ;# ">
"1620
[; ;C:/Program Files/Microchip/MPLABX/v6.15/packs/Microchip/PIC16Fxxx_DFP/1.4.149/xc8\pic\include\proc/pic16f877a.h: 1620: __asm("PIE1 equ 08Ch");
[; <" PIE1 equ 08Ch ;# ">
"1682
[; ;C:/Program Files/Microchip/MPLABX/v6.15/packs/Microchip/PIC16Fxxx_DFP/1.4.149/xc8\pic\include\proc/pic16f877a.h: 1682: __asm("PIE2 equ 08Dh");
[; <" PIE2 equ 08Dh ;# ">
"1722
[; ;C:/Program Files/Microchip/MPLABX/v6.15/packs/Microchip/PIC16Fxxx_DFP/1.4.149/xc8\pic\include\proc/pic16f877a.h: 1722: __asm("PCON equ 08Eh");
[; <" PCON equ 08Eh ;# ">
"1756
[; ;C:/Program Files/Microchip/MPLABX/v6.15/packs/Microchip/PIC16Fxxx_DFP/1.4.149/xc8\pic\include\proc/pic16f877a.h: 1756: __asm("SSPCON2 equ 091h");
[; <" SSPCON2 equ 091h ;# ">
"1818
[; ;C:/Program Files/Microchip/MPLABX/v6.15/packs/Microchip/PIC16Fxxx_DFP/1.4.149/xc8\pic\include\proc/pic16f877a.h: 1818: __asm("PR2 equ 092h");
[; <" PR2 equ 092h ;# ">
"1825
[; ;C:/Program Files/Microchip/MPLABX/v6.15/packs/Microchip/PIC16Fxxx_DFP/1.4.149/xc8\pic\include\proc/pic16f877a.h: 1825: __asm("SSPADD equ 093h");
[; <" SSPADD equ 093h ;# ">
"1832
[; ;C:/Program Files/Microchip/MPLABX/v6.15/packs/Microchip/PIC16Fxxx_DFP/1.4.149/xc8\pic\include\proc/pic16f877a.h: 1832: __asm("SSPSTAT equ 094h");
[; <" SSPSTAT equ 094h ;# ">
"2001
[; ;C:/Program Files/Microchip/MPLABX/v6.15/packs/Microchip/PIC16Fxxx_DFP/1.4.149/xc8\pic\include\proc/pic16f877a.h: 2001: __asm("TXSTA equ 098h");
[; <" TXSTA equ 098h ;# ">
"2082
[; ;C:/Program Files/Microchip/MPLABX/v6.15/packs/Microchip/PIC16Fxxx_DFP/1.4.149/xc8\pic\include\proc/pic16f877a.h: 2082: __asm("SPBRG equ 099h");
[; <" SPBRG equ 099h ;# ">
"2089
[; ;C:/Program Files/Microchip/MPLABX/v6.15/packs/Microchip/PIC16Fxxx_DFP/1.4.149/xc8\pic\include\proc/pic16f877a.h: 2089: __asm("CMCON equ 09Ch");
[; <" CMCON equ 09Ch ;# ">
"2159
[; ;C:/Program Files/Microchip/MPLABX/v6.15/packs/Microchip/PIC16Fxxx_DFP/1.4.149/xc8\pic\include\proc/pic16f877a.h: 2159: __asm("CVRCON equ 09Dh");
[; <" CVRCON equ 09Dh ;# ">
"2224
[; ;C:/Program Files/Microchip/MPLABX/v6.15/packs/Microchip/PIC16Fxxx_DFP/1.4.149/xc8\pic\include\proc/pic16f877a.h: 2224: __asm("ADRESL equ 09Eh");
[; <" ADRESL equ 09Eh ;# ">
"2231
[; ;C:/Program Files/Microchip/MPLABX/v6.15/packs/Microchip/PIC16Fxxx_DFP/1.4.149/xc8\pic\include\proc/pic16f877a.h: 2231: __asm("ADCON1 equ 09Fh");
[; <" ADCON1 equ 09Fh ;# ">
"2290
[; ;C:/Program Files/Microchip/MPLABX/v6.15/packs/Microchip/PIC16Fxxx_DFP/1.4.149/xc8\pic\include\proc/pic16f877a.h: 2290: __asm("EEDATA equ 010Ch");
[; <" EEDATA equ 010Ch ;# ">
"2297
[; ;C:/Program Files/Microchip/MPLABX/v6.15/packs/Microchip/PIC16Fxxx_DFP/1.4.149/xc8\pic\include\proc/pic16f877a.h: 2297: __asm("EEADR equ 010Dh");
[; <" EEADR equ 010Dh ;# ">
"2304
[; ;C:/Program Files/Microchip/MPLABX/v6.15/packs/Microchip/PIC16Fxxx_DFP/1.4.149/xc8\pic\include\proc/pic16f877a.h: 2304: __asm("EEDATH equ 010Eh");
[; <" EEDATH equ 010Eh ;# ">
"2311
[; ;C:/Program Files/Microchip/MPLABX/v6.15/packs/Microchip/PIC16Fxxx_DFP/1.4.149/xc8\pic\include\proc/pic16f877a.h: 2311: __asm("EEADRH equ 010Fh");
[; <" EEADRH equ 010Fh ;# ">
"2318
[; ;C:/Program Files/Microchip/MPLABX/v6.15/packs/Microchip/PIC16Fxxx_DFP/1.4.149/xc8\pic\include\proc/pic16f877a.h: 2318: __asm("EECON1 equ 018Ch");
[; <" EECON1 equ 018Ch ;# ">
"2363
[; ;C:/Program Files/Microchip/MPLABX/v6.15/packs/Microchip/PIC16Fxxx_DFP/1.4.149/xc8\pic\include\proc/pic16f877a.h: 2363: __asm("EECON2 equ 018Dh");
[; <" EECON2 equ 018Dh ;# ">
"5 common.c
[; ;common.c: 5: int my_strcmp(const char *str1, const char *str2)
[v _my_strcmp `(i ~T0 @X0 1 ef2`*Cuc`*Cuc ]
"6
[; ;common.c: 6: {
{
[e :U _my_strcmp ]
"5
[; ;common.c: 5: int my_strcmp(const char *str1, const char *str2)
[v _str1 `*Cuc ~T0 @X0 1 r1 ]
[v _str2 `*Cuc ~T0 @X0 1 r2 ]
"6
[; ;common.c: 6: {
[f ]
"7
[; ;common.c: 7:     while (*str1 && (*str1 == *str2))
[e $U 100  ]
[e :U 101 ]
"8
[; ;common.c: 8:     {
{
"9
[; ;common.c: 9:         str1++;
[e ++ _str1 * -> -> 1 `i `x -> -> # *U _str1 `i `x ]
"10
[; ;common.c: 10:         str2++;
[e ++ _str2 * -> -> 1 `i `x -> -> # *U _str2 `i `x ]
"11
[; ;common.c: 11:     }
}
[e :U 100 ]
"7
[; ;common.c: 7:     while (*str1 && (*str1 == *str2))
[e $ && != -> *U _str1 `i -> 0 `i == -> *U _str1 `i -> *U _str2 `i 101  ]
[e :U 102 ]
"12
[; ;common.c: 12:     return *(unsigned char *)str1 - *(unsigned char *)str2;
[e ) - -> *U -> _str1 `*uc `i -> *U -> _str2 `*uc `i ]
[e $UE 99  ]
"13
[; ;common.c: 13: }
[e :UE 99 ]
}
"16
[; ;common.c: 16: void store_time(char *time, unsigned char *clock_reg)
[v _store_time `(v ~T0 @X0 1 ef2`*uc`*uc ]
"17
[; ;common.c: 17: {
{
[e :U _store_time ]
"16
[; ;common.c: 16: void store_time(char *time, unsigned char *clock_reg)
[v _time `*uc ~T0 @X0 1 r1 ]
[v _clock_reg `*uc ~T0 @X0 1 r2 ]
"17
[; ;common.c: 17: {
[f ]
"18
[; ;common.c: 18:     time[0] = ((clock_reg[0] >> 4) & 0x03) + '0';
[e = *U + _time * -> -> 0 `i `x -> -> # *U _time `i `x -> + -> & >> -> *U + _clock_reg * -> -> 0 `i `x -> -> # *U _clock_reg `i `x `i -> 4 `i -> 3 `i `ui -> 48 `ui `uc ]
"19
[; ;common.c: 19:     time[1] = (clock_reg[0] & 0x0F) + '0';
[e = *U + _time * -> -> 1 `i `x -> -> # *U _time `i `x -> + -> & -> *U + _clock_reg * -> -> 0 `i `x -> -> # *U _clock_reg `i `x `i -> 15 `i `ui -> 48 `ui `uc ]
"21
[; ;common.c: 21:     time[2] = ':';
[e = *U + _time * -> -> 2 `i `x -> -> # *U _time `i `x -> -> 58 `ui `uc ]
"23
[; ;common.c: 23:     time[3] = ((clock_reg[1] >> 4) & 0x07) + '0';
[e = *U + _time * -> -> 3 `i `x -> -> # *U _time `i `x -> + -> & >> -> *U + _clock_reg * -> -> 1 `i `x -> -> # *U _clock_reg `i `x `i -> 4 `i -> 7 `i `ui -> 48 `ui `uc ]
"24
[; ;common.c: 24:     time[4] = (clock_reg[1] & 0x0F) + '0';
[e = *U + _time * -> -> 4 `i `x -> -> # *U _time `i `x -> + -> & -> *U + _clock_reg * -> -> 1 `i `x -> -> # *U _clock_reg `i `x `i -> 15 `i `ui -> 48 `ui `uc ]
"26
[; ;common.c: 26:     time[5] = ':';
[e = *U + _time * -> -> 5 `i `x -> -> # *U _time `i `x -> -> 58 `ui `uc ]
"28
[; ;common.c: 28:     time[6] = ((clock_reg[2] >> 4) & 0x07) + '0';
[e = *U + _time * -> -> 6 `i `x -> -> # *U _time `i `x -> + -> & >> -> *U + _clock_reg * -> -> 2 `i `x -> -> # *U _clock_reg `i `x `i -> 4 `i -> 7 `i `ui -> 48 `ui `uc ]
"29
[; ;common.c: 29:     time[7] = (clock_reg[2] & 0x0F) + '0';
[e = *U + _time * -> -> 7 `i `x -> -> # *U _time `i `x -> + -> & -> *U + _clock_reg * -> -> 2 `i `x -> -> # *U _clock_reg `i `x `i -> 15 `i `ui -> 48 `ui `uc ]
"30
[; ;common.c: 30:     time[8] = '\0';
[e = *U + _time * -> -> 8 `i `x -> -> # *U _time `i `x -> -> 0 `ui `uc ]
"31
[; ;common.c: 31: }
[e :UE 103 ]
}
"34
[; ;common.c: 34: void clcd_clear_screen(void)
[v _clcd_clear_screen `(v ~T0 @X0 1 ef ]
"35
[; ;common.c: 35: {
{
[e :U _clcd_clear_screen ]
[f ]
"36
[; ;common.c: 36:     clcd_print("                ", (0x80 + 0));
[e ( _clcd_print (2 , :s 1C -> + -> 128 `i -> 0 `i `uc ]
"37
[; ;common.c: 37:     clcd_print("                ", (0xC0 + 0));
[e ( _clcd_print (2 , :s 2C -> + -> 192 `i -> 0 `i `uc ]
"38
[; ;common.c: 38: }
[e :UE 104 ]
}
"41
[; ;common.c: 41: void my_strcpy(char *dst, const char *src)
[v _my_strcpy `(v ~T0 @X0 1 ef2`*uc`*Cuc ]
"42
[; ;common.c: 42: {
{
[e :U _my_strcpy ]
"41
[; ;common.c: 41: void my_strcpy(char *dst, const char *src)
[v _dst `*uc ~T0 @X0 1 r1 ]
[v _src `*Cuc ~T0 @X0 1 r2 ]
"42
[; ;common.c: 42: {
[f ]
"43
[; ;common.c: 43:     while ((*dst++ = *src++) != '\0');
[e $U 106  ]
[e :U 107 ]
[e :U 106 ]
[e $ != -> = *U ++ _dst * -> -> 1 `i `x -> -> # *U _dst `i `x *U ++ _src * -> -> 1 `i `x -> -> # *U _src `i `x `ui -> 0 `ui 107  ]
[e :U 108 ]
"44
[; ;common.c: 44: }
[e :UE 105 ]
}
[a 1C 32 32 32 32 32 32 32 32 32 32 32 32 32 32 32 32 0 ]
[a 2C 32 32 32 32 32 32 32 32 32 32 32 32 32 32 32 32 0 ]
